<?xml version="1.0" encoding="UTF-8"?>
<!-- Generated by org.testng.reporters.JUnitXMLReporter -->
<testsuite ignored="0" hostname="LAPTOP-MD5E4RKP" failures="0" tests="15" name="Default test" time="248.556" errors="0" timestamp="2026-01-25T12:08:08 IST">
  <testcase classname="com.hcl.tests.Single_TC" name="testBrowserBackForward" time="5.137"/>
  <testcase classname="com.hcl.tests.Single_TC" name="testDropdownSelection" time="6.039"/>
  <testcase classname="com.hcl.tests.Single_TC" name="testFileUpload" time="5.457"/>
  <testcase classname="com.hcl.tests.Single_TC" name="testJSAlert" time="5.013"/>
  <testcase classname="com.hcl.tests.Single_TC" name="testLoginAndFlashMessage" time="8.123"/>
  <testcase classname="com.hcl.tests.Single_TC" name="testLoginWithCSV" time="3.59"/>
  <testcase classname="com.hcl.tests.Single_TC" name="testLoginWithCSV" time="5.143"/>
  <testcase classname="com.hcl.tests.Single_TC" name="testLoginWithExcel" time="4.699"/>
  <testcase classname="com.hcl.tests.Single_TC" name="testLoginWithExcel" time="5.931"/>
  <testcase classname="com.hcl.tests.Single_TC" name="testLoginWithJson" time="4.384"/>
  <testcase classname="com.hcl.tests.Single_TC" name="testLoginWithJson" time="3.773"/>
  <testcase classname="com.hcl.tests.Single_TC" name="testLoginWithXml" time="5.24"/>
  <testcase classname="com.hcl.tests.Single_TC" name="testLoginWithXml" time="3.613"/>
  <testcase classname="com.hcl.tests.Single_TC" name="testNavigationAndVisibility" time="4.829"/>
  <testcase classname="com.hcl.tests.Single_TC" name="testNestedFrames" time="7.394"/>
</testsuite> <!-- Default test -->
