<?xml version="1.0" encoding="UTF-8"?>
<!-- Generated by org.testng.reporters.JUnitXMLReporter -->
<testsuite ignored="0" hostname="LAPTOP-MD5E4RKP" failures="1" tests="1" name="HerokuAppLoginTest2" time="0.08" errors="0" timestamp="2025-11-21T01:13:48 IST">
  <testcase classname="com.hcl.tests.HerokuAppTest2" name="testLogin" time="0.0">
    <failure type="java.lang.RuntimeException" message="java.lang.RuntimeException: Error reading Excel: src\test\resources\testdata\testdata.xlsx (The system cannot find the file specified)">
      <![CDATA[java.lang.RuntimeException: java.lang.RuntimeException: Error reading Excel: src\test\resources\testdata\testdata.xlsx (The system cannot find the file specified)
at java.base/java.util.ArrayList.forEach(ArrayList.java:1511)
at java.base/java.util.concurrent.FutureTask.run(FutureTask.java:317)
at java.base/java.util.concurrent.ThreadPoolExecutor.runWorker(ThreadPoolExecutor.java:1144)
at java.base/java.util.concurrent.ThreadPoolExecutor$Worker.run(ThreadPoolExecutor.java:642)
at java.base/java.lang.Thread.run(Thread.java:1623)
Caused by: java.lang.RuntimeException: Error reading Excel: src\test\resources\testdata\testdata.xlsx (The system cannot find the file specified)
at com.hcl.utils.ExcelReader.readExcel(ExcelReader.java:30)
at com.hcl.utils.TestDataLoader.loadData(TestDataLoader.java:13)
at com.hcl.utils.DataProviderUtils.getData(DataProviderUtils.java:14)
... 19 more
... Removed 20 stack frames]]>
    </failure>
  </testcase> <!-- testLogin -->
</testsuite> <!-- HerokuAppLoginTest2 -->
