<?xml version="1.0" encoding="UTF-8"?>
<!-- Generated by org.testng.reporters.JUnitXMLReporter -->
<testsuite ignored="0" hostname="LAPTOP-MD5E4RKP" failures="1" tests="2" name="HerokuAppCheckboxDropdownTest" time="56.349" errors="0" timestamp="2025-11-21T01:14:45 IST">
  <testcase classname="com.hcl.tests.CheckboxDropdownTest" name="testCheckboxes" time="31.995">
    <failure type="com.microsoft.playwright.TimeoutError" message="Error {
  message=&amp;apos;Timeout 30000ms exceeded.
  name=&amp;apos;TimeoutError
  stack=&amp;apos;TimeoutError: Timeout 30000ms exceeded.
    at ProgressController.run (C:\Users\akhil\AppData\Local\Temp\playwright-java-5906694231351827539\package\lib\server\progress.js:78:26)
    at Frame._callOnElementOnceMatches (C:\Users\akhil\AppData\Local\Temp\playwright-java-5906694231351827539\package\lib\server\frames.js:1464:23)
    at Frame._elementState (C:\Users\akhil\AppData\Local\Temp\playwright-java-5906694231351827539\package\lib\server\frames.js:1124:31)
    at Frame.isChecked (C:\Users\akhil\AppData\Local\Temp\playwright-java-5906694231351827539\package\lib\server\frames.js:1171:17)
    at FrameDispatcher.isChecked (C:\Users\akhil\AppData\Local\Temp\playwright-java-5906694231351827539\package\lib\server\dispatchers\frameDispatcher.js:207:32)
    at FrameDispatcher._handleCommand (C:\Users\akhil\AppData\Local\Temp\playwright-java-5906694231351827539\package\lib\server\dispatchers\dispatcher.js:94:40)
    at DispatcherConnection.dispatch (C:\Users\akhil\AppData\Local\Temp\playwright-java-5906694231351827539\package\lib\server\dispatchers\dispatcher.js:361:39)
}
Call log:
- waiting for locator(&amp;quot;#checkboxes input:nth-child(2)&amp;quot;)
">
      <![CDATA[com.microsoft.playwright.TimeoutError: Error {
  message='Timeout 30000ms exceeded.
  name='TimeoutError
  stack='TimeoutError: Timeout 30000ms exceeded.
    at ProgressController.run (C:\Users\akhil\AppData\Local\Temp\playwright-java-5906694231351827539\package\lib\server\progress.js:78:26)
    at Frame._callOnElementOnceMatches (C:\Users\akhil\AppData\Local\Temp\playwright-java-5906694231351827539\package\lib\server\frames.js:1464:23)
    at Frame._elementState (C:\Users\akhil\AppData\Local\Temp\playwright-java-5906694231351827539\package\lib\server\frames.js:1124:31)
    at Frame.isChecked (C:\Users\akhil\AppData\Local\Temp\playwright-java-5906694231351827539\package\lib\server\frames.js:1171:17)
    at FrameDispatcher.isChecked (C:\Users\akhil\AppData\Local\Temp\playwright-java-5906694231351827539\package\lib\server\dispatchers\frameDispatcher.js:207:32)
    at FrameDispatcher._handleCommand (C:\Users\akhil\AppData\Local\Temp\playwright-java-5906694231351827539\package\lib\server\dispatchers\dispatcher.js:94:40)
    at DispatcherConnection.dispatch (C:\Users\akhil\AppData\Local\Temp\playwright-java-5906694231351827539\package\lib\server\dispatchers\dispatcher.js:361:39)
}
Call log:
- waiting for locator("#checkboxes input:nth-child(2)")

at com.microsoft.playwright.impl.WaitableResult.get(WaitableResult.java:52)
at com.microsoft.playwright.impl.ChannelOwner.runUntil(ChannelOwner.java:132)
at com.microsoft.playwright.impl.Connection.sendMessage(Connection.java:130)
at com.microsoft.playwright.impl.ChannelOwner.sendMessage(ChannelOwner.java:118)
at com.microsoft.playwright.impl.FrameImpl.isCheckedImpl(FrameImpl.java:556)
at com.microsoft.playwright.impl.FrameImpl.lambda$isChecked$24(FrameImpl.java:547)
at com.microsoft.playwright.impl.LoggingSupport.withLogging(LoggingSupport.java:47)
at com.microsoft.playwright.impl.ChannelOwner.withLogging(ChannelOwner.java:97)
at com.microsoft.playwright.impl.FrameImpl.isChecked(FrameImpl.java:547)
at com.microsoft.playwright.impl.LocatorImpl.isChecked(LocatorImpl.java:376)
at com.microsoft.playwright.Locator.isChecked(Locator.java:3839)
at com.hcl.pages.HerokuAppPage.isSecondCheckboxChecked(HerokuAppPage.java:49)
at com.hcl.tests.CheckboxDropdownTest.testCheckboxes(CheckboxDropdownTest.java:36)
at java.base/java.util.ArrayList.forEach(ArrayList.java:1511)
at java.base/java.util.concurrent.FutureTask.run(FutureTask.java:317)
at java.base/java.util.concurrent.ThreadPoolExecutor.runWorker(ThreadPoolExecutor.java:1144)
at java.base/java.util.concurrent.ThreadPoolExecutor$Worker.run(ThreadPoolExecutor.java:642)
at java.base/java.lang.Thread.run(Thread.java:1623)
Caused by: com.microsoft.playwright.TimeoutError: Error {
  message='Timeout 30000ms exceeded.
  name='TimeoutError
  stack='TimeoutError: Timeout 30000ms exceeded.
    at ProgressController.run (C:\Users\akhil\AppData\Local\Temp\playwright-java-5906694231351827539\package\lib\server\progress.js:78:26)
    at Frame._callOnElementOnceMatches (C:\Users\akhil\AppData\Local\Temp\playwright-java-5906694231351827539\package\lib\server\frames.js:1464:23)
    at Frame._elementState (C:\Users\akhil\AppData\Local\Temp\playwright-java-5906694231351827539\package\lib\server\frames.js:1124:31)
    at Frame.isChecked (C:\Users\akhil\AppData\Local\Temp\playwright-java-5906694231351827539\package\lib\server\frames.js:1171:17)
    at FrameDispatcher.isChecked (C:\Users\akhil\AppData\Local\Temp\playwright-java-5906694231351827539\package\lib\server\dispatchers\frameDispatcher.js:207:32)
    at FrameDispatcher._handleCommand (C:\Users\akhil\AppData\Local\Temp\playwright-java-5906694231351827539\package\lib\server\dispatchers\dispatcher.js:94:40)
    at DispatcherConnection.dispatch (C:\Users\akhil\AppData\Local\Temp\playwright-java-5906694231351827539\package\lib\server\dispatchers\dispatcher.js:361:39)
}
Call log:
- waiting for locator("#checkboxes input:nth-child(2)")

at com.microsoft.playwright.impl.Connection.dispatch(Connection.java:254)
at com.microsoft.playwright.impl.Connection.processOneMessage(Connection.java:211)
at com.microsoft.playwright.impl.ChannelOwner.runUntil(ChannelOwner.java:130)
... 31 more
... Removed 15 stack frames]]>
    </failure>
  </testcase> <!-- testCheckboxes -->
  <testcase classname="com.hcl.tests.CheckboxDropdownTest" name="testDropdown" time="1.398"/>
</testsuite> <!-- HerokuAppCheckboxDropdownTest -->
