<?xml version="1.0" encoding="UTF-8"?>
<!-- Generated by org.testng.reporters.JUnitXMLReporter -->
<testsuite ignored="8" hostname="LAPTOP-MD5E4RKP" failures="0" tests="15" name="All Tests" time="474.176" errors="0" timestamp="2026-01-29T23:58:54 IST">
  <testcase classname="com.hcl.tests.LoginTC_Json" name="testLoginWithJson" time="7.069"/>
  <testcase classname="com.hcl.tests.LoginTC_Json" name="testLoginWithJson" time="6.719"/>
  <testcase classname="com.hcl.tests.LoginTC_Excel" name="testLoginWithExcel" time="7.086"/>
  <testcase classname="com.hcl.tests.LoginTC_Excel" name="testLoginWithExcel" time="7.319"/>
  <testcase classname="com.hcl.tests.LoginTC_Csv" name="testLoginWithCsv" time="6.432"/>
  <testcase classname="com.hcl.tests.LoginTC_Csv" name="testLoginWithCsv" time="7.486"/>
  <testcase classname="com.hcl.tests.LoginTC_XML" name="testLoginWithXml" time="6.791"/>
  <testcase classname="com.hcl.tests.LoginTC_XML" name="testLoginWithXml" time="16.027"/>
  <testcase classname="com.hcl.tests.InternetHerokuAppE2ETests" name="testBrowserBackForward" time="8.064"/>
  <testcase classname="com.hcl.tests.InternetHerokuAppE2ETests" name="testDropdownSelection" time="7.233"/>
  <testcase classname="com.hcl.tests.InternetHerokuAppE2ETests" name="testFileUpload" time="7.371"/>
  <testcase classname="com.hcl.tests.InternetHerokuAppE2ETests" name="testJSAlert" time="7.187"/>
  <testcase classname="com.hcl.tests.InternetHerokuAppE2ETests" name="testLoginAndFlashMessage" time="10.404"/>
  <testcase classname="com.hcl.tests.InternetHerokuAppE2ETests" name="testNavigationAndVisibility" time="7.286"/>
  <testcase classname="com.hcl.tests.InternetHerokuAppE2ETests" name="testNestedFrames" time="8.045"/>
  <testcase classname="com.hcl.base.TestBase" name="@AfterSuite afterSuiteTearDown" time="0.0">
    <ignored/>
  </testcase> <!-- @AfterSuite afterSuiteTearDown -->
  <testcase classname="com.hcl.base.TestBase" name="@BeforeSuite beforeSuiteSetup" time="0.0">
    <ignored/>
  </testcase> <!-- @BeforeSuite beforeSuiteSetup -->
  <testcase classname="com.hcl.base.TestBase" name="@BeforeSuite beforeSuiteSetup" time="0.0">
    <ignored/>
  </testcase> <!-- @BeforeSuite beforeSuiteSetup -->
  <testcase classname="com.hcl.base.TestBase" name="@BeforeSuite beforeSuiteSetup" time="0.0">
    <ignored/>
  </testcase> <!-- @BeforeSuite beforeSuiteSetup -->
  <testcase classname="com.hcl.base.TestBase" name="@AfterSuite afterSuiteTearDown" time="0.0">
    <ignored/>
  </testcase> <!-- @AfterSuite afterSuiteTearDown -->
  <testcase classname="com.hcl.base.TestBase" name="@AfterSuite afterSuiteTearDown" time="0.0">
    <ignored/>
  </testcase> <!-- @AfterSuite afterSuiteTearDown -->
  <testcase classname="com.hcl.base.TestBase" name="@BeforeSuite beforeSuiteSetup" time="0.0">
    <ignored/>
  </testcase> <!-- @BeforeSuite beforeSuiteSetup -->
  <testcase classname="com.hcl.base.TestBase" name="@AfterSuite afterSuiteTearDown" time="0.0">
    <ignored/>
  </testcase> <!-- @AfterSuite afterSuiteTearDown -->
</testsuite> <!-- All Tests -->
