<?xml version="1.0" encoding="UTF-8"?>
<!-- Generated by org.testng.reporters.JUnitReportReporter -->
<testsuite hostname="LAPTOP-MD5E4RKP" failures="0" tests="7" name="com.hcl.tests.InternetHerokuAppE2ETests" time="226.352" errors="0" timestamp="2026-01-29T23:58:54 IST" skipped="0">
  <testcase classname="com.hcl.tests.InternetHerokuAppE2ETests" name="testNavigationAndVisibility" time="18.561"/>
  <testcase classname="com.hcl.tests.InternetHerokuAppE2ETests" name="testJSAlert" time="52.582"/>
  <testcase classname="com.hcl.tests.InternetHerokuAppE2ETests" name="testBrowserBackForward" time="39.160"/>
  <testcase classname="com.hcl.tests.InternetHerokuAppE2ETests" name="testFileUpload" time="18.119"/>
  <testcase classname="com.hcl.tests.InternetHerokuAppE2ETests" name="testLoginAndFlashMessage" time="19.739"/>
  <testcase classname="com.hcl.tests.InternetHerokuAppE2ETests" name="testNestedFrames" time="55.751"/>
  <testcase classname="com.hcl.tests.InternetHerokuAppE2ETests" name="testDropdownSelection" time="22.440"/>
</testsuite> <!-- com.hcl.tests.InternetHerokuAppE2ETests -->
