<?xml version="1.0" encoding="UTF-8"?>
<!-- Generated by org.testng.reporters.JUnitReportReporter -->
<testsuite hostname="LAPTOP-MD5E4RKP" failures="0" tests="2" name="com.hcl.tests.LoginTC_Excel" time="38.016" errors="0" timestamp="2026-01-29T23:58:54 IST" skipped="0">
  <testcase classname="com.hcl.tests.LoginTC_Excel" name="testLoginWithExcel" time="20.701"/>
  <testcase classname="com.hcl.tests.LoginTC_Excel" name="testLoginWithExcel" time="17.315"/>
</testsuite> <!-- com.hcl.tests.LoginTC_Excel -->
