<?xml version="1.0" encoding="UTF-8"?>
<!-- Generated by org.testng.reporters.JUnitReportReporter -->
<testsuite hostname="LAPTOP-MD5E4RKP" failures="0" tests="6" name="com.hcl.tests.NewTest" time="97.474" errors="0" timestamp="2025-12-14T15:13:25 IST" skipped="0">
  <testcase classname="com.hcl.tests.NewTest" name="testDropdown" time="7.729"/>
  <testcase classname="com.hcl.tests.NewTest" name="testLogin" time="17.690"/>
  <testcase classname="com.hcl.tests.NewTest" name="testDemoQaFrames" time="35.156"/>
  <testcase classname="com.hcl.tests.NewTest" name="testAlerts" time="10.074"/>
  <testcase classname="com.hcl.tests.NewTest" name="testCheckboxes" time="16.919"/>
  <testcase classname="com.hcl.tests.NewTest" name="testLogin" time="9.906"/>
</testsuite> <!-- com.hcl.tests.NewTest -->
