<?xml version="1.0" encoding="UTF-8"?>
<!-- Generated by org.testng.reporters.JUnitReportReporter -->
<testsuite hostname="LAPTOP-MD5E4RKP" failures="0" tests="15" name="com.hcl.tests.Single_TC" time="246.978" errors="0" timestamp="2026-01-25T12:08:08 IST" skipped="0">
  <testcase classname="com.hcl.tests.Single_TC" name="testLoginWithExcel" time="17.991"/>
  <testcase classname="com.hcl.tests.Single_TC" name="testFileUpload" time="19.239"/>
  <testcase classname="com.hcl.tests.Single_TC" name="testBrowserBackForward" time="21.709"/>
  <testcase classname="com.hcl.tests.Single_TC" name="testLoginWithExcel" time="22.731"/>
  <testcase classname="com.hcl.tests.Single_TC" name="testNavigationAndVisibility" time="14.363"/>
  <testcase classname="com.hcl.tests.Single_TC" name="testLoginWithCSV" time="11.822"/>
  <testcase classname="com.hcl.tests.Single_TC" name="testLoginWithJson" time="16.250"/>
  <testcase classname="com.hcl.tests.Single_TC" name="testJSAlert" time="15.606"/>
  <testcase classname="com.hcl.tests.Single_TC" name="testLoginWithCSV" time="10.105"/>
  <testcase classname="com.hcl.tests.Single_TC" name="testLoginWithXml" time="18.021"/>
  <testcase classname="com.hcl.tests.Single_TC" name="testLoginWithJson" time="11.142"/>
  <testcase classname="com.hcl.tests.Single_TC" name="testLoginWithXml" time="13.860"/>
  <testcase classname="com.hcl.tests.Single_TC" name="testNestedFrames" time="25.123"/>
  <testcase classname="com.hcl.tests.Single_TC" name="testLoginAndFlashMessage" time="15.920"/>
  <testcase classname="com.hcl.tests.Single_TC" name="testDropdownSelection" time="13.096"/>
</testsuite> <!-- com.hcl.tests.Single_TC -->
