<?xml version="1.0" encoding="UTF-8"?>
<!-- Generated by org.testng.reporters.JUnitReportReporter -->
<testsuite hostname="LAPTOP-MD5E4RKP" failures="0" tests="2" name="com.hcl.tests.HerokuAppCheckboxDropdownTest" time="67.847" errors="1" timestamp="2025-11-10T01:29:29 IST" skipped="0">
  <testcase classname="com.hcl.tests.HerokuAppCheckboxDropdownTest" name="testDropdown" time="18.933"/>
  <testcase classname="com.hcl.tests.HerokuAppCheckboxDropdownTest" name="testCheckboxes" time="48.914">
    <error message="Error {
  message=&#039;Timeout 30000ms exceeded.
  name=&#039;TimeoutError
  stack=&#039;TimeoutError: Timeout 30000ms exceeded.
    at ProgressController.run (C:\Users\akhil\AppData\Local\Temp\playwright-java-5033128223229690390\package\lib\server\progress.js:78:26)
    at Frame._callOnElementOnceMatches (C:\Users\akhil\AppData\Local\Temp\playwright-java-5033128223229690390\package\lib\server\frames.js:1464:23)
    at Frame._elementState (C:\Users\akhil\AppData\Local\Temp\playwright-java-5033128223229690390\package\lib\server\frames.js:1124:31)
    at Frame.isChecked (C:\Users\akhil\AppData\Local\Temp\playwright-java-5033128223229690390\package\lib\server\frames.js:1171:17)
    at FrameDispatcher.isChecked (C:\Users\akhil\AppData\Local\Temp\playwright-java-5033128223229690390\package\lib\server\dispatchers\frameDispatcher.js:207:32)
    at FrameDispatcher._handleCommand (C:\Users\akhil\AppData\Local\Temp\playwright-java-5033128223229690390\package\lib\server\dispatchers\dispatcher.js:94:40)
    at DispatcherConnection.dispatch (C:\Users\akhil\AppData\Local\Temp\playwright-java-5033128223229690390\package\lib\server\dispatchers\dispatcher.js:361:39)
}
Call log:
- waiting for locator(&quot;#checkboxes input:nth-child(2)&quot;)
" type="com.microsoft.playwright.TimeoutError">
      <![CDATA[com.microsoft.playwright.TimeoutError: Error {
  message='Timeout 30000ms exceeded.
  name='TimeoutError
  stack='TimeoutError: Timeout 30000ms exceeded.
    at ProgressController.run (C:\Users\akhil\AppData\Local\Temp\playwright-java-5033128223229690390\package\lib\server\progress.js:78:26)
    at Frame._callOnElementOnceMatches (C:\Users\akhil\AppData\Local\Temp\playwright-java-5033128223229690390\package\lib\server\frames.js:1464:23)
    at Frame._elementState (C:\Users\akhil\AppData\Local\Temp\playwright-java-5033128223229690390\package\lib\server\frames.js:1124:31)
    at Frame.isChecked (C:\Users\akhil\AppData\Local\Temp\playwright-java-5033128223229690390\package\lib\server\frames.js:1171:17)
    at FrameDispatcher.isChecked (C:\Users\akhil\AppData\Local\Temp\playwright-java-5033128223229690390\package\lib\server\dispatchers\frameDispatcher.js:207:32)
    at FrameDispatcher._handleCommand (C:\Users\akhil\AppData\Local\Temp\playwright-java-5033128223229690390\package\lib\server\dispatchers\dispatcher.js:94:40)
    at DispatcherConnection.dispatch (C:\Users\akhil\AppData\Local\Temp\playwright-java-5033128223229690390\package\lib\server\dispatchers\dispatcher.js:361:39)
}
Call log:
- waiting for locator("#checkboxes input:nth-child(2)")

at com.microsoft.playwright.impl.WaitableResult.get(WaitableResult.java:52)
at com.microsoft.playwright.impl.ChannelOwner.runUntil(ChannelOwner.java:132)
at com.microsoft.playwright.impl.Connection.sendMessage(Connection.java:130)
at com.microsoft.playwright.impl.ChannelOwner.sendMessage(ChannelOwner.java:118)
at com.microsoft.playwright.impl.FrameImpl.isCheckedImpl(FrameImpl.java:556)
at com.microsoft.playwright.impl.FrameImpl.lambda$isChecked$24(FrameImpl.java:547)
at com.microsoft.playwright.impl.LoggingSupport.withLogging(LoggingSupport.java:47)
at com.microsoft.playwright.impl.ChannelOwner.withLogging(ChannelOwner.java:97)
at com.microsoft.playwright.impl.FrameImpl.isChecked(FrameImpl.java:547)
at com.microsoft.playwright.impl.LocatorImpl.isChecked(LocatorImpl.java:376)
at com.microsoft.playwright.Locator.isChecked(Locator.java:3839)
at com.hcl.pages.HerokuAppPage.isSecondCheckboxChecked(HerokuAppPage.java:49)
at com.hcl.tests.HerokuAppCheckboxDropdownTest.testCheckboxes(HerokuAppCheckboxDropdownTest.java:29)
at java.base/jdk.internal.reflect.DirectMethodHandleAccessor.invoke(DirectMethodHandleAccessor.java:104)
at java.base/java.lang.reflect.Method.invoke(Method.java:578)
at org.testng.internal.invokers.MethodInvocationHelper.invokeMethod(MethodInvocationHelper.java:141)
at org.testng.internal.invokers.TestInvoker.invokeMethod(TestInvoker.java:687)
at org.testng.internal.invokers.TestInvoker.invokeTestMethod(TestInvoker.java:230)
at org.testng.internal.invokers.MethodRunner.runInSequence(MethodRunner.java:63)
at org.testng.internal.invokers.TestInvoker$MethodInvocationAgent.invoke(TestInvoker.java:995)
at org.testng.internal.invokers.TestInvoker.invokeTestMethods(TestInvoker.java:203)
at org.testng.internal.invokers.TestMethodWorker.invokeTestMethods(TestMethodWorker.java:154)
at org.testng.internal.invokers.TestMethodWorker.run(TestMethodWorker.java:134)
at java.base/java.util.ArrayList.forEach(ArrayList.java:1511)
at org.testng.TestRunner.privateRun(TestRunner.java:741)
at org.testng.TestRunner.run(TestRunner.java:616)
at org.testng.SuiteRunner.runTest(SuiteRunner.java:421)
at org.testng.SuiteRunner$SuiteWorker.run(SuiteRunner.java:463)
at org.testng.internal.thread.ThreadUtil.lambda$execute$0(ThreadUtil.java:64)
at java.base/java.util.concurrent.FutureTask.run(FutureTask.java:317)
at java.base/java.util.concurrent.ThreadPoolExecutor.runWorker(ThreadPoolExecutor.java:1144)
at java.base/java.util.concurrent.ThreadPoolExecutor$Worker.run(ThreadPoolExecutor.java:642)
at java.base/java.lang.Thread.run(Thread.java:1623)
Caused by: com.microsoft.playwright.TimeoutError: Error {
  message='Timeout 30000ms exceeded.
  name='TimeoutError
  stack='TimeoutError: Timeout 30000ms exceeded.
    at ProgressController.run (C:\Users\akhil\AppData\Local\Temp\playwright-java-5033128223229690390\package\lib\server\progress.js:78:26)
    at Frame._callOnElementOnceMatches (C:\Users\akhil\AppData\Local\Temp\playwright-java-5033128223229690390\package\lib\server\frames.js:1464:23)
    at Frame._elementState (C:\Users\akhil\AppData\Local\Temp\playwright-java-5033128223229690390\package\lib\server\frames.js:1124:31)
    at Frame.isChecked (C:\Users\akhil\AppData\Local\Temp\playwright-java-5033128223229690390\package\lib\server\frames.js:1171:17)
    at FrameDispatcher.isChecked (C:\Users\akhil\AppData\Local\Temp\playwright-java-5033128223229690390\package\lib\server\dispatchers\frameDispatcher.js:207:32)
    at FrameDispatcher._handleCommand (C:\Users\akhil\AppData\Local\Temp\playwright-java-5033128223229690390\package\lib\server\dispatchers\dispatcher.js:94:40)
    at DispatcherConnection.dispatch (C:\Users\akhil\AppData\Local\Temp\playwright-java-5033128223229690390\package\lib\server\dispatchers\dispatcher.js:361:39)
}
Call log:
- waiting for locator("#checkboxes input:nth-child(2)")

at com.microsoft.playwright.impl.Connection.dispatch(Connection.java:254)
at com.microsoft.playwright.impl.Connection.processOneMessage(Connection.java:211)
at com.microsoft.playwright.impl.ChannelOwner.runUntil(ChannelOwner.java:130)
... 31 more
]]>
    </error>
  </testcase> <!-- testCheckboxes -->
</testsuite> <!-- com.hcl.tests.HerokuAppCheckboxDropdownTest -->
